[INFO] [launch]: All log files can be found below /home/sst/.ros/log/2026-03-19-15-45-28-339589-sst-2766960
[INFO] [launch]: Default logging verbosity is set to INFO
[INFO] [robot_state_publisher-1]: process started with pid [2766964]
[INFO] [ros2_control_node-2]: process started with pid [2766965]
[INFO] [move_group-3]: process started with pid [2766966]
[INFO] [rviz2-4]: process started with pid [2766967]
[robot_state_publisher-1] [INFO] [1773902728.654280340] [robot_state_publisher]: Robot initialized
[ros2_control_node-2] [INFO] [1773902728.655861325] [controller_manager]: Using Steady (Monotonic) clock for triggering controller manager cycles.
[ros2_control_node-2] [INFO] [1773902728.657715872] [controller_manager]: Subscribing to '/robot_description' topic for robot description.
[ros2_control_node-2] [INFO] [1773902728.658919947] [controller_manager]: update rate is 100 Hz
[ros2_control_node-2] [INFO] [1773902728.658932562] [controller_manager]: Overruns handling is : enabled
[ros2_control_node-2] [INFO] [1773902728.658935868] [controller_manager]: Spawning controller_manager RT thread with scheduler priority: 50
[ros2_control_node-2] [WARN] [1773902728.658979782] [controller_manager]: Could not enable FIFO RT scheduling policy: with error number <1>(Operation not permitted). See [https://control.ros.org/master/doc/ros2_control/controller_manager/doc/userdoc.html] for details on how to enable realtime scheduling.
[move_group-3] [INFO] [1773902728.674325874] [move_group.moveit.moveit.ros.rdf_loader]: Loaded robot model in 0.00161001 seconds
[move_group-3] [INFO] [1773902728.674389333] [move_group.moveit.moveit.core.robot_model]: Loading robot model 'openarm'...
[move_group-3] [INFO] [1773902728.674396709] [move_group.moveit.moveit.core.robot_model]: No root/virtual joint specified in SRDF. Assuming fixed joint
[move_group-3] [ERROR] [1773902728.712748735] [move_group.moveit.moveit.core.robot_model]: Group 'left_arm' was specified as parent group for end-effector 'left_ee' but it does not include the parent link 'openarm_left_hand'
[move_group-3] [WARN] [1773902728.712812385] [move_group.moveit.moveit.core.robot_model]: Could not identify parent group for end-effector 'left_ee'
[move_group-3] [ERROR] [1773902728.712818076] [move_group.moveit.moveit.core.robot_model]: Group 'right_arm' was specified as parent group for end-effector 'right_ee' but it does not include the parent link 'openarm_right_hand'
[move_group-3] [WARN] [1773902728.712821920] [move_group.moveit.moveit.core.robot_model]: Could not identify parent group for end-effector 'right_ee'
[move_group-3] [INFO] [1773902728.714262084] [trac_ik_kinematics_plugin.trac_ik_kinematics_plugin]: IK Using joint openarm_left_link1 -3.49066 1.39626
[move_group-3] [INFO] [1773902728.714269730] [trac_ik_kinematics_plugin.trac_ik_kinematics_plugin]: IK Using joint openarm_left_link2 -3.49066 0.349066
[move_group-3] [INFO] [1773902728.714271349] [trac_ik_kinematics_plugin.trac_ik_kinematics_plugin]: IK Using joint openarm_left_link3 -1.5708 1.5708
[move_group-3] [INFO] [1773902728.714272908] [trac_ik_kinematics_plugin.trac_ik_kinematics_plugin]: IK Using joint openarm_left_link4 0 2.44346
[move_group-3] [INFO] [1773902728.714274361] [trac_ik_kinematics_plugin.trac_ik_kinematics_plugin]: IK Using joint openarm_left_link5 -1.5708 1.5708
[move_group-3] [INFO] [1773902728.714275919] [trac_ik_kinematics_plugin.trac_ik_kinematics_plugin]: IK Using joint openarm_left_link6 -0.785398 0.785398
[move_group-3] [INFO] [1773902728.714277309] [trac_ik_kinematics_plugin.trac_ik_kinematics_plugin]: IK Using joint openarm_left_link7 -1.5708 1.5708
[move_group-3] [INFO] [1773902728.714278203] [trac_ik_kinematics_plugin.trac_ik_kinematics_plugin]: Using solve type Distance
[move_group-3] [INFO] [1773902728.714321390] [trac_ik_kinematics_plugin.trac_ik_kinematics_plugin]: IK Using joint openarm_right_link1 -1.39626 3.49066
[move_group-3] [INFO] [1773902728.714323312] [trac_ik_kinematics_plugin.trac_ik_kinematics_plugin]: IK Using joint openarm_right_link2 -0.349066 3.49066
[move_group-3] [INFO] [1773902728.714324682] [trac_ik_kinematics_plugin.trac_ik_kinematics_plugin]: IK Using joint openarm_right_link3 -1.5708 1.5708
[move_group-3] [INFO] [1773902728.714326096] [trac_ik_kinematics_plugin.trac_ik_kinematics_plugin]: IK Using joint openarm_right_link4 0 2.44346
[move_group-3] [INFO] [1773902728.714327514] [trac_ik_kinematics_plugin.trac_ik_kinematics_plugin]: IK Using joint openarm_right_link5 -1.5708 1.5708
[move_group-3] [INFO] [1773902728.714328918] [trac_ik_kinematics_plugin.trac_ik_kinematics_plugin]: IK Using joint openarm_right_link6 -0.785398 0.785398
[move_group-3] [INFO] [1773902728.714330123] [trac_ik_kinematics_plugin.trac_ik_kinematics_plugin]: IK Using joint openarm_right_link7 -1.5708 1.5708
[move_group-3] [INFO] [1773902728.714330884] [trac_ik_kinematics_plugin.trac_ik_kinematics_plugin]: Using solve type Distance
[ros2_control_node-2] [INFO] [1773902728.838614342] [controller_manager]: Received robot description from topic.
[ros2_control_node-2] [INFO] [1773902728.841025103] [controller_manager]: Loading hardware 'openarm_left_hardware_interface' 
[ros2_control_node-2] [INFO] [1773902728.841668693] [controller_manager]: Loaded hardware 'openarm_left_hardware_interface' from plugin 'openarm_hardware/OpenArm_v10HW'
[ros2_control_node-2] [INFO] [1773902728.841729864] [controller_manager]: Initialize hardware 'openarm_left_hardware_interface' 
[ros2_control_node-2] [INFO] [1773902728.845096284] [OpenArm_v10HW]: Configuration: CAN=can1, arm_prefix=left_, hand=enabled, can_fd=enabled
[ros2_control_node-2] [INFO] [1773902728.845150421] [OpenArm_v10HW]: Added gripper joint: openarm_left_finger_joint1
[ros2_control_node-2] [INFO] [1773902728.845152710] [OpenArm_v10HW]: Generated 8 joint names for arm prefix 'left_'
[ros2_control_node-2] [INFO] [1773902728.845154622] [OpenArm_v10HW]: Initializing OpenArm on can1 with CAN-FD enabled...
[ros2_control_node-2] [INFO] [1773902728.845531089] [OpenArm_v10HW]: Initializing gripper...
[ros2_control_node-2] [INFO] [1773902728.845601371] [OpenArm_v10HW]: OpenArm V10 Simple HW initialized successfully
[ros2_control_node-2] [INFO] [1773902728.845610942] [controller_manager]: Successful initialization of hardware 'openarm_left_hardware_interface'
[ros2_control_node-2] [INFO] [1773902728.845955065] [controller_manager]: Loading hardware 'openarm_right_hardware_interface' 
[ros2_control_node-2] [INFO] [1773902728.845970984] [controller_manager]: Loaded hardware 'openarm_right_hardware_interface' from plugin 'openarm_hardware/OpenArm_v10HW'
[ros2_control_node-2] [INFO] [1773902728.846006359] [controller_manager]: Initialize hardware 'openarm_right_hardware_interface' 
[ros2_control_node-2] [INFO] [1773902728.849054224] [OpenArm_v10HW]: Configuration: CAN=can0, arm_prefix=right_, hand=enabled, can_fd=enabled
[ros2_control_node-2] [INFO] [1773902728.849067257] [OpenArm_v10HW]: Added gripper joint: openarm_right_finger_joint1
[ros2_control_node-2] [INFO] [1773902728.849069128] [OpenArm_v10HW]: Generated 8 joint names for arm prefix 'right_'
[ros2_control_node-2] [INFO] [1773902728.849070546] [OpenArm_v10HW]: Initializing OpenArm on can0 with CAN-FD enabled...
[ros2_control_node-2] [INFO] [1773902728.849106405] [OpenArm_v10HW]: Initializing gripper...
[ros2_control_node-2] [INFO] [1773902728.849113429] [OpenArm_v10HW]: OpenArm V10 Simple HW initialized successfully
[ros2_control_node-2] [INFO] [1773902728.849119168] [controller_manager]: Successful initialization of hardware 'openarm_right_hardware_interface'
[ros2_control_node-2] [INFO] [1773902728.849373782] [resource_manager]: 'configure' hardware 'openarm_right_hardware_interface' 
[move_group-3] [INFO] [1773902728.881560568] [move_group.moveit.moveit.ros.planning_scene_monitor]: Publishing maintained planning scene on 'monitored_planning_scene'
[move_group-3] [INFO] [1773902728.881669159] [move_group.moveit.moveit.ros.moveit_cpp]: Listening to 'joint_states' for joint states
[move_group-3] [INFO] [1773902728.881997176] [move_group.moveit.moveit.ros.current_state_monitor]: Listening to joint states on topic 'joint_states'
[move_group-3] [INFO] [1773902728.882154998] [move_group.moveit.moveit.ros.planning_scene_monitor]: Listening to '/attached_collision_object' for attached collision objects
[move_group-3] [INFO] [1773902728.882160903] [move_group.moveit.moveit.ros.planning_scene_monitor]: Stopping existing planning scene publisher.
[move_group-3] [INFO] [1773902728.882271960] [move_group.moveit.moveit.ros.planning_scene_monitor]: Stopped publishing maintained planning scene.
[move_group-3] [INFO] [1773902728.882383148] [move_group.moveit.moveit.ros.planning_scene_monitor]: Publishing maintained planning scene on 'monitored_planning_scene'
[move_group-3] [INFO] [1773902728.882426500] [move_group.moveit.moveit.ros.planning_scene_monitor]: Starting planning scene monitor
[move_group-3] [INFO] [1773902728.882551674] [move_group.moveit.moveit.ros.planning_scene_monitor]: Listening to '/planning_scene'
[move_group-3] [INFO] [1773902728.882556674] [move_group.moveit.moveit.ros.planning_scene_monitor]: Starting world geometry update monitor for collision objects, attached objects, octomap updates.
[move_group-3] [INFO] [1773902728.882874090] [move_group.moveit.moveit.ros.planning_scene_monitor]: Listening to 'collision_object'
[move_group-3] [INFO] [1773902728.882991368] [move_group.moveit.moveit.ros.planning_scene_monitor]: Listening to 'planning_scene_world' for planning scene world geometry
[move_group-3] [WARN] [1773902728.883081236] [move_group.moveit.moveit.ros.occupancy_map_monitor]: Resolution not specified for Octomap. Assuming resolution = 0.1 instead
[move_group-3] [ERROR] [1773902728.883132135] [move_group.moveit.moveit.ros.occupancy_map_monitor]: Exception while loading octomap updater 'occupancy_map_monitor/DepthImageOctomapUpdater': According to the loaded plugin descriptions the class occupancy_map_monitor/DepthImageOctomapUpdater with base class type occupancy_map_monitor::OccupancyMapUpdater does not exist. Declared types are 
[move_group-3] 
[move_group-3] [ERROR] [1773902728.883151853] [move_group.moveit.moveit.ros.occupancy_map_monitor]: Failed to load sensor: `default_sensor` of type: `occupancy_map_monitor/DepthImageOctomapUpdater`
[move_group-3] [ERROR] [1773902728.883157851] [move_group.moveit.moveit.ros.occupancy_map_monitor]: Exception while loading octomap updater 'occupancy_map_monitor/DepthImageOctomapUpdater': According to the loaded plugin descriptions the class occupancy_map_monitor/DepthImageOctomapUpdater with base class type occupancy_map_monitor::OccupancyMapUpdater does not exist. Declared types are 
[move_group-3] 
[move_group-3] [ERROR] [1773902728.883160421] [move_group.moveit.moveit.ros.occupancy_map_monitor]: Failed to load sensor: `kinect_depthimage` of type: `occupancy_map_monitor/DepthImageOctomapUpdater`
[ros2_control_node-2] [INFO] [1773902728.950398028] [resource_manager]: Successful 'configure' of hardware 'openarm_right_hardware_interface'
[ros2_control_node-2] [INFO] [1773902728.950433525] [resource_manager]: 'activate' hardware 'openarm_right_hardware_interface' 
[ros2_control_node-2] [INFO] [1773902728.950444228] [OpenArm_v10HW]: Activating OpenArm V10...
[move_group-3] [INFO] [1773902728.989151687] [move_group.moveit.moveit.ros.planning_pipeline]: Successfully loaded planner 'OMPL'
[move_group-3] [INFO] [1773902728.989512529] [move_group]: Try loading adapter 'default_planning_request_adapters/ResolveConstraintFrames'
[move_group-3] [INFO] [1773902728.989883181] [move_group]: Loaded adapter 'default_planning_request_adapters/ResolveConstraintFrames'
[move_group-3] [INFO] [1773902728.989886848] [move_group]: Try loading adapter 'default_planning_request_adapters/ValidateWorkspaceBounds'
[move_group-3] [INFO] [1773902728.989978433] [move_group]: Loaded adapter 'default_planning_request_adapters/ValidateWorkspaceBounds'
[move_group-3] [INFO] [1773902728.989981265] [move_group]: Try loading adapter 'default_planning_request_adapters/CheckStartStateBounds'
[move_group-3] [INFO] [1773902728.989990314] [move_group]: Loaded adapter 'default_planning_request_adapters/CheckStartStateBounds'
[move_group-3] [INFO] [1773902728.989991835] [move_group]: Try loading adapter 'default_planning_request_adapters/CheckStartStateCollision'
[move_group-3] [INFO] [1773902728.989996108] [move_group]: Loaded adapter 'default_planning_request_adapters/CheckStartStateCollision'
[move_group-3] [INFO] [1773902728.990280660] [move_group]: Try loading adapter 'default_planning_response_adapters/AddTimeOptimalParameterization'
[move_group-3] [INFO] [1773902728.991087100] [move_group]: Loaded adapter 'default_planning_response_adapters/AddTimeOptimalParameterization'
[move_group-3] [INFO] [1773902728.991091767] [move_group]: Try loading adapter 'default_planning_response_adapters/ValidateSolution'
[move_group-3] [INFO] [1773902728.991923256] [move_group]: Loaded adapter 'default_planning_response_adapters/ValidateSolution'
[move_group-3] [INFO] [1773902728.991931364] [move_group]: Try loading adapter 'default_planning_response_adapters/DisplayMotionPath'
[move_group-3] [INFO] [1773902728.992105710] [move_group]: Loaded adapter 'default_planning_response_adapters/DisplayMotionPath'
[move_group-3] [INFO] [1773902728.993358464] [move_group.moveit.moveit.ros.planning_pipeline]: Successfully loaded planner 'CHOMP'
[move_group-3] [INFO] [1773902728.993657707] [move_group]: Try loading adapter 'default_planning_request_adapters/ResolveConstraintFrames'
[move_group-3] [INFO] [1773902728.993682753] [move_group]: Loaded adapter 'default_planning_request_adapters/ResolveConstraintFrames'
[move_group-3] [INFO] [1773902728.993685076] [move_group]: Try loading adapter 'default_planning_request_adapters/ValidateWorkspaceBounds'
[move_group-3] [INFO] [1773902728.993746419] [move_group]: Loaded adapter 'default_planning_request_adapters/ValidateWorkspaceBounds'
[move_group-3] [INFO] [1773902728.993748679] [move_group]: Try loading adapter 'default_planning_request_adapters/CheckStartStateBounds'
[move_group-3] [INFO] [1773902728.993754938] [move_group]: Loaded adapter 'default_planning_request_adapters/CheckStartStateBounds'
[move_group-3] [INFO] [1773902728.993756538] [move_group]: Try loading adapter 'default_planning_request_adapters/CheckStartStateCollision'
[move_group-3] [INFO] [1773902728.993760375] [move_group]: Loaded adapter 'default_planning_request_adapters/CheckStartStateCollision'
[move_group-3] [INFO] [1773902728.994039046] [move_group]: Try loading adapter 'default_planning_response_adapters/AddTimeOptimalParameterization'
[move_group-3] [INFO] [1773902728.994128865] [move_group]: Loaded adapter 'default_planning_response_adapters/AddTimeOptimalParameterization'
[move_group-3] [INFO] [1773902728.994132851] [move_group]: Try loading adapter 'default_planning_response_adapters/ValidateSolution'
[move_group-3] [INFO] [1773902728.994245215] [move_group]: Loaded adapter 'default_planning_response_adapters/ValidateSolution'
[move_group-3] [INFO] [1773902728.994249278] [move_group]: Try loading adapter 'default_planning_response_adapters/DisplayMotionPath'
[move_group-3] [INFO] [1773902728.994321352] [move_group]: Loaded adapter 'default_planning_response_adapters/DisplayMotionPath'
[move_group-3] [INFO] [1773902728.995198468] [move_group.moveit.moveit.planners.pilz.joint_limits_aggregator]: Reading limits from namespace robot_description_planning
[move_group-3] [INFO] [1773902728.998812859] [move_group.moveit.moveit.planners.pilz.command_planner]: Available plugins: pilz_industrial_motion_planner/PlanningContextLoaderCIRC pilz_industrial_motion_planner/PlanningContextLoaderLIN pilz_industrial_motion_planner/PlanningContextLoaderPTP 
[move_group-3] [INFO] [1773902728.998823226] [move_group.moveit.moveit.planners.pilz.command_planner]: About to load: pilz_industrial_motion_planner/PlanningContextLoaderCIRC
[move_group-3] [INFO] [1773902728.999347596] [move_group.moveit.moveit.planners.pilz.command_planner]: Registered Algorithm [CIRC]
[move_group-3] [INFO] [1773902728.999354546] [move_group.moveit.moveit.planners.pilz.command_planner]: About to load: pilz_industrial_motion_planner/PlanningContextLoaderLIN
[move_group-3] [INFO] [1773902728.999699957] [move_group.moveit.moveit.planners.pilz.command_planner]: Registered Algorithm [LIN]
[move_group-3] [INFO] [1773902728.999704832] [move_group.moveit.moveit.planners.pilz.command_planner]: About to load: pilz_industrial_motion_planner/PlanningContextLoaderPTP
[move_group-3] [INFO] [1773902729.000022411] [move_group.moveit.moveit.planners.pilz.command_planner]: Registered Algorithm [PTP]
[move_group-3] [INFO] [1773902729.000028149] [move_group.moveit.moveit.ros.planning_pipeline]: Successfully loaded planner 'Pilz Industrial Motion Planner'
[move_group-3] [INFO] [1773902729.000331728] [move_group]: Try loading adapter 'default_planning_request_adapters/ResolveConstraintFrames'
[move_group-3] [INFO] [1773902729.000356018] [move_group]: Loaded adapter 'default_planning_request_adapters/ResolveConstraintFrames'
[move_group-3] [INFO] [1773902729.000357962] [move_group]: Try loading adapter 'default_planning_request_adapters/ValidateWorkspaceBounds'
[move_group-3] [INFO] [1773902729.000444720] [move_group]: Loaded adapter 'default_planning_request_adapters/ValidateWorkspaceBounds'
[move_group-3] [INFO] [1773902729.000447136] [move_group]: Try loading adapter 'default_planning_request_adapters/CheckStartStateBounds'
[move_group-3] [INFO] [1773902729.000453679] [move_group]: Loaded adapter 'default_planning_request_adapters/CheckStartStateBounds'
[move_group-3] [INFO] [1773902729.000455333] [move_group]: Try loading adapter 'default_planning_request_adapters/CheckStartStateCollision'
[move_group-3] [INFO] [1773902729.000459692] [move_group]: Loaded adapter 'default_planning_request_adapters/CheckStartStateCollision'
[move_group-3] [INFO] [1773902729.000748013] [move_group]: Try loading adapter 'default_planning_response_adapters/ValidateSolution'
[move_group-3] [INFO] [1773902729.000981667] [move_group]: Loaded adapter 'default_planning_response_adapters/ValidateSolution'
[move_group-3] [INFO] [1773902729.000986269] [move_group]: Try loading adapter 'default_planning_response_adapters/DisplayMotionPath'
[move_group-3] [INFO] [1773902729.001059849] [move_group]: Loaded adapter 'default_planning_response_adapters/DisplayMotionPath'
[move_group-3] [INFO] [1773902729.002221399] [move_group.moveit.moveit.ros.planning_pipeline]: Successfully loaded planner 'STOMP'
[move_group-3] [INFO] [1773902729.002530742] [move_group]: Try loading adapter 'default_planning_request_adapters/ResolveConstraintFrames'
[move_group-3] [INFO] [1773902729.002554930] [move_group]: Loaded adapter 'default_planning_request_adapters/ResolveConstraintFrames'
[move_group-3] [INFO] [1773902729.002556939] [move_group]: Try loading adapter 'default_planning_request_adapters/ValidateWorkspaceBounds'
[move_group-3] [INFO] [1773902729.002631868] [move_group]: Loaded adapter 'default_planning_request_adapters/ValidateWorkspaceBounds'
[move_group-3] [INFO] [1773902729.002634411] [move_group]: Try loading adapter 'default_planning_request_adapters/CheckStartStateBounds'
[move_group-3] [INFO] [1773902729.002640910] [move_group]: Loaded adapter 'default_planning_request_adapters/CheckStartStateBounds'
[move_group-3] [INFO] [1773902729.002642343] [move_group]: Try loading adapter 'default_planning_request_adapters/CheckStartStateCollision'
[move_group-3] [INFO] [1773902729.002646507] [move_group]: Loaded adapter 'default_planning_request_adapters/CheckStartStateCollision'
[move_group-3] [INFO] [1773902729.002936352] [move_group]: Try loading adapter 'default_planning_response_adapters/AddTimeOptimalParameterization'
[move_group-3] [INFO] [1773902729.003118329] [move_group]: Loaded adapter 'default_planning_response_adapters/AddTimeOptimalParameterization'
[move_group-3] [INFO] [1773902729.003120906] [move_group]: Try loading adapter 'default_planning_response_adapters/ValidateSolution'
[move_group-3] [INFO] [1773902729.003237659] [move_group]: Loaded adapter 'default_planning_response_adapters/ValidateSolution'
[move_group-3] [INFO] [1773902729.003241026] [move_group]: Try loading adapter 'default_planning_response_adapters/DisplayMotionPath'
[move_group-3] [INFO] [1773902729.003312981] [move_group]: Loaded adapter 'default_planning_response_adapters/DisplayMotionPath'
[move_group-3] [INFO] [1773902729.021003164] [move_group.moveit.moveit.plugins.simple_controller_manager]: Added FollowJointTrajectory controller for left_joint_trajectory_controller
[move_group-3] [INFO] [1773902729.021608410] [move_group.moveit.moveit.plugins.simple_controller_manager]: Added FollowJointTrajectory controller for right_joint_trajectory_controller
[move_group-3] [INFO] [1773902729.021626498] [move_group.moveit.moveit.plugins.simple_controller_manager]: left_gripper_controller will command a max effort of: 0
[move_group-3] [INFO] [1773902729.022540596] [move_group.moveit.moveit.plugins.simple_controller_manager]: Added GripperCommand controller for left_gripper_controller
[move_group-3] [INFO] [1773902729.022555332] [move_group.moveit.moveit.plugins.simple_controller_manager]: right_gripper_controller will command a max effort of: 0
[move_group-3] [INFO] [1773902729.023096144] [move_group.moveit.moveit.plugins.simple_controller_manager]: Added GripperCommand controller for right_gripper_controller
[move_group-3] [INFO] [1773902729.023202914] [move_group.moveit.moveit.plugins.simple_controller_manager]: Returned 4 controllers in list
[move_group-3] [INFO] [1773902729.023218636] [move_group.moveit.moveit.plugins.simple_controller_manager]: Returned 4 controllers in list
[move_group-3] [INFO] [1773902729.023444171] [move_group.moveit.moveit.ros.trajectory_execution_manager]: Trajectory execution is managing controllers
[move_group-3] [INFO] [1773902729.023453592] [move_group]: MoveGroup debug mode is ON
[move_group-3] [INFO] [1773902729.030387485] [move_group.moveit.moveit.planners.pilz.move_group_sequence_action]: initialize move group sequence action
[move_group-3] [INFO] [1773902729.031689258] [move_group.moveit.moveit.planners.pilz.joint_limits_aggregator]: Reading limits from namespace robot_description_planning
[move_group-3] [INFO] [1773902729.031840500] [move_group.moveit.moveit.planners.pilz.joint_limits_aggregator]: Reading limits from namespace robot_description_planning
[move_group-3] [INFO] [1773902729.032170793] [move_group.moveit.moveit.ros.move_group.executable]: 
[move_group-3] 
[move_group-3] ********************************************************
[move_group-3] * MoveGroup using: 
[move_group-3] *     - apply_planning_scene_service
[move_group-3] *     - clear_octomap_service
[move_group-3] *     - get_group_urdf
[move_group-3] *     - load_geometry_from_file
[move_group-3] *     - CartesianPathService
[move_group-3] *     - execute_trajectory_action
[move_group-3] *     - get_planning_scene_service
[move_group-3] *     - kinematics_service
[move_group-3] *     - move_action
[move_group-3] *     - motion_plan_service
[move_group-3] *     - query_planners_service
[move_group-3] *     - state_validation_service
[move_group-3] *     - save_geometry_to_file
[move_group-3] *     - SequenceAction
[move_group-3] *     - SequenceService
[move_group-3] ********************************************************
[move_group-3] 
[move_group-3] [INFO] [1773902729.032190573] [move_group.moveit.moveit.ros.move_group.context]: MoveGroup context using pipeline ompl
[move_group-3] [INFO] [1773902729.032195107] [move_group.moveit.moveit.ros.move_group.context]: MoveGroup context initialization complete
[move_group-3] [96mLoading 'move_group/ApplyPlanningSceneService'...[0m
[move_group-3] [96mLoading 'move_group/ClearOctomapService'...[0m
[move_group-3] [96mLoading 'move_group/GetUrdfService'...[0m
[move_group-3] [96mLoading 'move_group/LoadGeometryFromFileService'...[0m
[move_group-3] [96mLoading 'move_group/MoveGroupCartesianPathService'...[0m
[move_group-3] [96mLoading 'move_group/MoveGroupExecuteTrajectoryAction'...[0m
[move_group-3] [96mLoading 'move_group/MoveGroupGetPlanningSceneService'...[0m
[move_group-3] [96mLoading 'move_group/MoveGroupKinematicsService'...[0m
[move_group-3] [96mLoading 'move_group/MoveGroupMoveAction'...[0m
[move_group-3] [96mLoading 'move_group/MoveGroupPlanService'...[0m
[move_group-3] [96mLoading 'move_group/MoveGroupQueryPlannersService'...[0m
[move_group-3] [96mLoading 'move_group/MoveGroupStateValidationService'...[0m
[move_group-3] [96mLoading 'move_group/SaveGeometryToFileService'...[0m
[move_group-3] [96mLoading 'pilz_industrial_motion_planner/MoveGroupSequenceAction'...[0m
[move_group-3] [96mLoading 'pilz_industrial_motion_planner/MoveGroupSequenceService'...[0m
[move_group-3] 
[move_group-3] [92mYou can start planning now![0m
[move_group-3] 
[ros2_control_node-2] [INFO] [1773902729.051271292] [OpenArm_v10HW]: OpenArm V10 activated. Homing will be done via homing_node.py
[ros2_control_node-2] [INFO] [1773902729.051303208] [resource_manager]: Successful 'activate' of hardware 'openarm_right_hardware_interface'
[ros2_control_node-2] [INFO] [1773902729.051381237] [resource_manager]: 'configure' hardware 'openarm_left_hardware_interface' 
[rviz2-4] [INFO] [1773902729.118608754] [rviz2]: Stereo is NOT SUPPORTED
[rviz2-4] [INFO] [1773902729.118744830] [rviz2]: OpenGl version: 4.6 (GLSL 4.6)
[rviz2-4] [INFO] [1773902729.147112942] [rviz2]: Stereo is NOT SUPPORTED
[ros2_control_node-2] [INFO] [1773902729.152186155] [resource_manager]: Successful 'configure' of hardware 'openarm_left_hardware_interface'
[ros2_control_node-2] [INFO] [1773902729.152213511] [resource_manager]: 'activate' hardware 'openarm_left_hardware_interface' 
[ros2_control_node-2] [INFO] [1773902729.152221266] [OpenArm_v10HW]: Activating OpenArm V10...
[rviz2-4] Warning: class_loader.impl: SEVERE WARNING!!! A namespace collision has occurred with plugin factory for class rviz_default_plugins::displays::InteractiveMarkerDisplay. New factory will OVERWRITE existing one. This situation occurs when libraries containing plugins are directly linked against an executable (the one running right now generating this message). Please separate plugins out into their own library or just don't link against the library and use either class_loader::ClassLoader/MultiLibraryClassLoader to open.
[rviz2-4]          at line 321 in /opt/ros/jazzy/include/class_loader/class_loader/class_loader_core.hpp
[rviz2-4] [WARN] [1773902729.211605377] [rcl.logging_rosout]: Publisher already registered for node name: 'rviz2'. If this is due to multiple nodes with the same name then all logs for the logger named 'rviz2' will go out over the existing publisher. As soon as any node with that name is destructed it will unregister the publisher, preventing any further logs for that name from being published on the rosout topic.
[ros2_control_node-2] [INFO] [1773902729.253032574] [OpenArm_v10HW]: OpenArm V10 activated. Homing will be done via homing_node.py
[ros2_control_node-2] [INFO] [1773902729.253096478] [resource_manager]: Successful 'activate' of hardware 'openarm_left_hardware_interface'
[ros2_control_node-2] [INFO] [1773902729.253167331] [controller_manager]: Registering statistics for : openarm_right_hardware_interface
[ros2_control_node-2] [INFO] [1773902729.253242052] [controller_manager]: Registering statistics for : openarm_left_hardware_interface
[ros2_control_node-2] [INFO] [1773902729.253311572] [controller_manager]: Resource Manager has been successfully initialized. Starting Controller Manager services...
[INFO] [spawner-5]: process started with pid [2767089]
[INFO] [spawner-6]: process started with pid [2767090]
[spawner-5] [INFO] [1773902729.825484653] [spawner_left_joint_trajectory_controller]: waiting for service /controller_manager/list_controllers to become available...
[ros2_control_node-2] [INFO] [1773902730.577576919] [controller_manager]: Loading controller : 'left_joint_trajectory_controller' of type 'joint_trajectory_controller/JointTrajectoryController'
[ros2_control_node-2] [INFO] [1773902730.577615046] [controller_manager]: Loading controller 'left_joint_trajectory_controller'
[ros2_control_node-2] [INFO] [1773902730.579914623] [controller_manager]: Controller 'left_joint_trajectory_controller' node arguments: --ros-args --params-file /tmp/launch_params_jynx1062 --params-file /home/sst/openarm_moveit/install/openarm_bringup/share/openarm_bringup/config/v10_controllers/openarm_v10_bimanual_controllers.yaml 
[spawner-5] [INFO] [1773902730.590143753] [spawner_left_joint_trajectory_controller]: Loaded left_joint_trajectory_controller
[INFO] [spawner-7]: process started with pid [2767109]
[ros2_control_node-2] [INFO] [1773902730.671993451] [controller_manager]: Configuring controller: 'left_joint_trajectory_controller'
[ros2_control_node-2] [INFO] [1773902730.672247570] [left_joint_trajectory_controller]: No specific joint names are used for command interfaces. Using 'joints' parameter.
[ros2_control_node-2] [INFO] [1773902730.672267882] [left_joint_trajectory_controller]: Command interfaces are [position] and state interfaces are [position].
[ros2_control_node-2] [INFO] [1773902730.672286170] [left_joint_trajectory_controller]: Using 'splines' interpolation method.
[ros2_control_node-2] [INFO] [1773902730.676387187] [left_joint_trajectory_controller]: Action status changes will be monitored at 50.00 Hz.
[ros2_control_node-2] [INFO] [1773902730.680398338] [controller_manager]: Activating controllers: [ left_joint_trajectory_controller ]
[ros2_control_node-2] [INFO] [1773902730.689399333] [controller_manager]: Successfully switched controllers!
[spawner-5] [INFO] [1773902730.700136402] [spawner_left_joint_trajectory_controller]: Configured and activated left_joint_trajectory_controller
[ros2_control_node-2] [INFO] [1773902730.700540583] [controller_manager]: Loading controller : 'right_joint_trajectory_controller' of type 'joint_trajectory_controller/JointTrajectoryController'
[ros2_control_node-2] [INFO] [1773902730.700559045] [controller_manager]: Loading controller 'right_joint_trajectory_controller'
[ros2_control_node-2] [INFO] [1773902730.700662372] [controller_manager]: Controller 'right_joint_trajectory_controller' node arguments: --ros-args --params-file /tmp/launch_params_jynx1062 --params-file /home/sst/openarm_moveit/install/openarm_bringup/share/openarm_bringup/config/v10_controllers/openarm_v10_bimanual_controllers.yaml 
[spawner-5] [INFO] [1773902730.709978180] [spawner_left_joint_trajectory_controller]: Loaded right_joint_trajectory_controller
[ros2_control_node-2] [INFO] [1773902730.710125609] [controller_manager]: Configuring controller: 'right_joint_trajectory_controller'
[ros2_control_node-2] [INFO] [1773902730.710250246] [right_joint_trajectory_controller]: No specific joint names are used for command interfaces. Using 'joints' parameter.
[ros2_control_node-2] [INFO] [1773902730.710262675] [right_joint_trajectory_controller]: Command interfaces are [position] and state interfaces are [position].
[ros2_control_node-2] [INFO] [1773902730.710269908] [right_joint_trajectory_controller]: Using 'splines' interpolation method.
[ros2_control_node-2] [INFO] [1773902730.710937297] [right_joint_trajectory_controller]: Action status changes will be monitored at 50.00 Hz.
[ros2_control_node-2] [INFO] [1773902730.719855873] [controller_manager]: Activating controllers: [ right_joint_trajectory_controller ]
[ros2_control_node-2] [INFO] [1773902730.729448347] [controller_manager]: Successfully switched controllers!
[spawner-5] [INFO] [1773902730.740125740] [spawner_left_joint_trajectory_controller]: Configured and activated right_joint_trajectory_controller
[spawner-6] [INFO] [1773902730.783105546] [spawner_left_gripper_controller]: waiting for service /controller_manager/list_controllers to become available...
[INFO] [spawner-5]: process has finished cleanly [pid 2767089]
[ros2_control_node-2] [INFO] [1773902731.039982340] [controller_manager]: Loading controller : 'left_gripper_controller' of type 'parallel_gripper_action_controller/GripperActionController'
[ros2_control_node-2] [INFO] [1773902731.040020872] [controller_manager]: Loading controller 'left_gripper_controller'
[ros2_control_node-2] [INFO] [1773902731.040880760] [controller_manager]: Controller 'left_gripper_controller' node arguments: --ros-args --params-file /tmp/launch_params_jynx1062 --params-file /home/sst/openarm_moveit/install/openarm_bringup/share/openarm_bringup/config/v10_controllers/openarm_v10_bimanual_controllers.yaml 
[spawner-6] [INFO] [1773902731.050108005] [spawner_left_gripper_controller]: Loaded left_gripper_controller
[ros2_control_node-2] [INFO] [1773902731.131884636] [controller_manager]: Configuring controller: 'left_gripper_controller'
[ros2_control_node-2] [INFO] [1773902731.131969719] [left_gripper_controller]: Action status changes will be monitored at 20.000000 Hz.
[ros2_control_node-2] [INFO] [1773902731.131997210] [left_gripper_controller]: Joint name is : openarm_left_finger_joint1
[ros2_control_node-2] [INFO] [1773902731.141070987] [controller_manager]: Activating controllers: [ left_gripper_controller ]
[ros2_control_node-2] [INFO] [1773902731.151498160] [controller_manager]: Successfully switched controllers!
[spawner-6] [INFO] [1773902731.160127205] [spawner_left_gripper_controller]: Configured and activated left_gripper_controller
[ros2_control_node-2] [INFO] [1773902731.160980538] [controller_manager]: Loading controller : 'right_gripper_controller' of type 'parallel_gripper_action_controller/GripperActionController'
[ros2_control_node-2] [INFO] [1773902731.161004183] [controller_manager]: Loading controller 'right_gripper_controller'
[ros2_control_node-2] [INFO] [1773902731.161135582] [controller_manager]: Controller 'right_gripper_controller' node arguments: --ros-args --params-file /tmp/launch_params_jynx1062 --params-file /home/sst/openarm_moveit/install/openarm_bringup/share/openarm_bringup/config/v10_controllers/openarm_v10_bimanual_controllers.yaml 
[spawner-6] [INFO] [1773902731.169979688] [spawner_left_gripper_controller]: Loaded right_gripper_controller
[ros2_control_node-2] [INFO] [1773902731.170111610] [controller_manager]: Configuring controller: 'right_gripper_controller'
[ros2_control_node-2] [INFO] [1773902731.170143513] [right_gripper_controller]: Action status changes will be monitored at 20.000000 Hz.
[ros2_control_node-2] [INFO] [1773902731.170152145] [right_gripper_controller]: Joint name is : openarm_right_finger_joint1
[ros2_control_node-2] [INFO] [1773902731.180103516] [controller_manager]: Activating controllers: [ right_gripper_controller ]
[ros2_control_node-2] [INFO] [1773902731.190530048] [controller_manager]: Successfully switched controllers!
[spawner-6] [INFO] [1773902731.200043308] [spawner_left_gripper_controller]: Configured and activated right_gripper_controller
[spawner-7] [INFO] [1773902731.284069377] [spawner_joint_state_broadcaster]: waiting for service /controller_manager/list_controllers to become available...
[INFO] [spawner-6]: process has finished cleanly [pid 2767090]
[ros2_control_node-2] [INFO] [1773902731.786061717] [controller_manager]: Loading controller : 'joint_state_broadcaster' of type 'joint_state_broadcaster/JointStateBroadcaster'
[ros2_control_node-2] [INFO] [1773902731.786092005] [controller_manager]: Loading controller 'joint_state_broadcaster'
[ros2_control_node-2] [INFO] [1773902731.787097962] [controller_manager]: Controller 'joint_state_broadcaster' node arguments: --ros-args --params-file /tmp/launch_params_jynx1062 --params-file /home/sst/openarm_moveit/install/openarm_bringup/share/openarm_bringup/config/v10_controllers/openarm_v10_bimanual_controllers.yaml 
[spawner-7] [INFO] [1773902731.800546478] [spawner_joint_state_broadcaster]: Loaded joint_state_broadcaster
[ros2_control_node-2] [INFO] [1773902731.801475741] [controller_manager]: Configuring controller: 'joint_state_broadcaster'
[ros2_control_node-2] [INFO] [1773902731.801529412] [joint_state_broadcaster]: 'joints' or 'interfaces' parameter is empty. All available state interfaces will be published
[ros2_control_node-2] [INFO] [1773902731.810368613] [controller_manager]: Activating controllers: [ joint_state_broadcaster ]
[ros2_control_node-2] [INFO] [1773902731.819555025] [controller_manager]: Successfully switched controllers!
[spawner-7] [INFO] [1773902731.830243301] [spawner_joint_state_broadcaster]: Configured and activated joint_state_broadcaster
[INFO] [spawner-7]: process has finished cleanly [pid 2767109]
[rviz2-4] [ERROR] [1773902732.226595855] [rviz2.moveit.ros.motion_planning_frame]: Action server: /recognize_objects not available
[rviz2-4] [INFO] [1773902732.237565701] [rviz2.moveit.ros.motion_planning_frame]: MoveGroup namespace changed: / -> . Reloading params.
[rviz2-4] [INFO] [1773902732.278611903] [rviz2.moveit.ros.rdf_loader]: Loaded robot model in 0.0023014 seconds
[rviz2-4] [INFO] [1773902732.278674428] [rviz2.moveit.core.robot_model]: Loading robot model 'openarm'...
[rviz2-4] [INFO] [1773902732.278685504] [rviz2.moveit.core.robot_model]: No root/virtual joint specified in SRDF. Assuming fixed joint
[rviz2-4] [ERROR] [1773902732.337363693] [rviz2.moveit.core.robot_model]: Group 'left_arm' was specified as parent group for end-effector 'left_ee' but it does not include the parent link 'openarm_left_hand'
[rviz2-4] [WARN] [1773902732.337416432] [rviz2.moveit.core.robot_model]: Could not identify parent group for end-effector 'left_ee'
[rviz2-4] [ERROR] [1773902732.337426056] [rviz2.moveit.core.robot_model]: Group 'right_arm' was specified as parent group for end-effector 'right_ee' but it does not include the parent link 'openarm_right_hand'
[rviz2-4] [WARN] [1773902732.337431168] [rviz2.moveit.core.robot_model]: Could not identify parent group for end-effector 'right_ee'
[rviz2-4] [INFO] [1773902732.341433815] [trac_ik_kinematics_plugin.trac_ik_kinematics_plugin]: IK Using joint openarm_left_link1 -3.49066 1.39626
[rviz2-4] [INFO] [1773902732.341449391] [trac_ik_kinematics_plugin.trac_ik_kinematics_plugin]: IK Using joint openarm_left_link2 -3.49066 0.349066
[rviz2-4] [INFO] [1773902732.341451299] [trac_ik_kinematics_plugin.trac_ik_kinematics_plugin]: IK Using joint openarm_left_link3 -1.5708 1.5708
[rviz2-4] [INFO] [1773902732.341452964] [trac_ik_kinematics_plugin.trac_ik_kinematics_plugin]: IK Using joint openarm_left_link4 0 2.44346
[rviz2-4] [INFO] [1773902732.341454397] [trac_ik_kinematics_plugin.trac_ik_kinematics_plugin]: IK Using joint openarm_left_link5 -1.5708 1.5708
[rviz2-4] [INFO] [1773902732.341456048] [trac_ik_kinematics_plugin.trac_ik_kinematics_plugin]: IK Using joint openarm_left_link6 -0.785398 0.785398
[rviz2-4] [INFO] [1773902732.341457322] [trac_ik_kinematics_plugin.trac_ik_kinematics_plugin]: IK Using joint openarm_left_link7 -1.5708 1.5708
[rviz2-4] [INFO] [1773902732.341458246] [trac_ik_kinematics_plugin.trac_ik_kinematics_plugin]: Using solve type Distance
[rviz2-4] [INFO] [1773902732.341581316] [trac_ik_kinematics_plugin.trac_ik_kinematics_plugin]: IK Using joint openarm_right_link1 -1.39626 3.49066
[rviz2-4] [INFO] [1773902732.341583535] [trac_ik_kinematics_plugin.trac_ik_kinematics_plugin]: IK Using joint openarm_right_link2 -0.349066 3.49066
[rviz2-4] [INFO] [1773902732.341585015] [trac_ik_kinematics_plugin.trac_ik_kinematics_plugin]: IK Using joint openarm_right_link3 -1.5708 1.5708
[rviz2-4] [INFO] [1773902732.341586520] [trac_ik_kinematics_plugin.trac_ik_kinematics_plugin]: IK Using joint openarm_right_link4 0 2.44346
[rviz2-4] [INFO] [1773902732.341588009] [trac_ik_kinematics_plugin.trac_ik_kinematics_plugin]: IK Using joint openarm_right_link5 -1.5708 1.5708
[rviz2-4] [INFO] [1773902732.341589399] [trac_ik_kinematics_plugin.trac_ik_kinematics_plugin]: IK Using joint openarm_right_link6 -0.785398 0.785398
[rviz2-4] [INFO] [1773902732.341590643] [trac_ik_kinematics_plugin.trac_ik_kinematics_plugin]: IK Using joint openarm_right_link7 -1.5708 1.5708
[rviz2-4] [INFO] [1773902732.341591478] [trac_ik_kinematics_plugin.trac_ik_kinematics_plugin]: Using solve type Distance
[rviz2-4] [INFO] [1773902732.504273423] [rviz2.moveit.ros.planning_scene_monitor]: Publishing maintained planning scene on 'monitored_planning_scene'
[rviz2-4] [INFO] [1773902732.532434475] [rviz2.moveit.ros.planning_scene_monitor]: Starting planning scene monitor
[rviz2-4] [INFO] [1773902732.532840806] [rviz2.moveit.ros.planning_scene_monitor]: Listening to '/monitored_planning_scene'
[rviz2-4] [ERROR] [1773902732.772769735] [rviz2]: The link openarm_left_left_finger has unrealistic inertia, so the equivalent inertia box will not be shown.
[rviz2-4] 
[rviz2-4] [ERROR] [1773902732.776410080] [rviz2]: Could not load resource [package://openarm_description/meshes/arm/v10/visual/link0.dae]: Not enough data for accessor
[rviz2-4] [ERROR] [1773902732.779087394] [rviz2]: Could not load resource [package://openarm_description/meshes/arm/v10/visual/link0.dae]: Not enough data for accessor
[rviz2-4] [ERROR] [1773902733.379867871] [rviz2]: The link openarm_left_right_finger has unrealistic inertia, so the equivalent inertia box will not be shown.
[rviz2-4] 
[rviz2-4] [ERROR] [1773902733.379984699] [rviz2]: The link openarm_right_left_finger has unrealistic inertia, so the equivalent inertia box will not be shown.
[rviz2-4] 
[rviz2-4] [ERROR] [1773902733.383446270] [rviz2]: Could not load resource [package://openarm_description/meshes/arm/v10/visual/link0.dae]: Not enough data for accessor
[rviz2-4] [ERROR] [1773902733.386101732] [rviz2]: Could not load resource [package://openarm_description/meshes/arm/v10/visual/link0.dae]: Not enough data for accessor
[rviz2-4] [ERROR] [1773902733.386568633] [rviz2]: The link openarm_right_right_finger has unrealistic inertia, so the equivalent inertia box will not be shown.
[rviz2-4] 
[rviz2-4] [ERROR] [1773902733.387703756] [rviz2]: The link openarm_left_left_finger has unrealistic inertia, so the equivalent inertia box will not be shown.
[rviz2-4] 
[rviz2-4] [ERROR] [1773902733.390505159] [rviz2]: Could not load resource [package://openarm_description/meshes/arm/v10/visual/link0.dae]: Not enough data for accessor
[rviz2-4] [ERROR] [1773902733.393246953] [rviz2]: Could not load resource [package://openarm_description/meshes/arm/v10/visual/link0.dae]: Not enough data for accessor
[rviz2-4] [ERROR] [1773902733.393754681] [rviz2]: The link openarm_left_right_finger has unrealistic inertia, so the equivalent inertia box will not be shown.
[rviz2-4] 
[rviz2-4] [ERROR] [1773902733.393837391] [rviz2]: The link openarm_right_left_finger has unrealistic inertia, so the equivalent inertia box will not be shown.
[rviz2-4] 
[rviz2-4] [ERROR] [1773902733.396785524] [rviz2]: Could not load resource [package://openarm_description/meshes/arm/v10/visual/link0.dae]: Not enough data for accessor
[rviz2-4] [ERROR] [1773902733.399362036] [rviz2]: Could not load resource [package://openarm_description/meshes/arm/v10/visual/link0.dae]: Not enough data for accessor
[rviz2-4] [ERROR] [1773902733.399800201] [rviz2]: The link openarm_right_right_finger has unrealistic inertia, so the equivalent inertia box will not be shown.
[rviz2-4] 
[rviz2-4] [INFO] [1773902733.403474064] [interactive_marker_display_97042156339360]: Connected on namespace: /rviz_moveit_motion_planning_display/robot_interaction_interactive_marker_topic
[rviz2-4] [ERROR] [1773902733.403688796] [rviz2]: The link openarm_left_left_finger has unrealistic inertia, so the equivalent inertia box will not be shown.
[rviz2-4] 
[rviz2-4] [ERROR] [1773902733.407003263] [rviz2]: Could not load resource [package://openarm_description/meshes/arm/v10/visual/link0.dae]: Not enough data for accessor
[rviz2-4] [ERROR] [1773902733.409559533] [rviz2]: Could not load resource [package://openarm_description/meshes/arm/v10/visual/link0.dae]: Not enough data for accessor
[rviz2-4] [ERROR] [1773902733.409948022] [rviz2]: The link openarm_left_right_finger has unrealistic inertia, so the equivalent inertia box will not be shown.
[rviz2-4] 
[rviz2-4] [ERROR] [1773902733.410026574] [rviz2]: The link openarm_right_left_finger has unrealistic inertia, so the equivalent inertia box will not be shown.
[rviz2-4] 
[rviz2-4] [ERROR] [1773902733.412656175] [rviz2]: Could not load resource [package://openarm_description/meshes/arm/v10/visual/link0.dae]: Not enough data for accessor
[rviz2-4] [ERROR] [1773902733.415193001] [rviz2]: Could not load resource [package://openarm_description/meshes/arm/v10/visual/link0.dae]: Not enough data for accessor
[rviz2-4] [ERROR] [1773902733.415537213] [rviz2]: The link openarm_right_right_finger has unrealistic inertia, so the equivalent inertia box will not be shown.
[rviz2-4] 
[rviz2-4] [ERROR] [1773902733.416067399] [rviz2]: The link openarm_left_left_finger has unrealistic inertia, so the equivalent inertia box will not be shown.
[rviz2-4] 
[rviz2-4] [ERROR] [1773902733.418634016] [rviz2]: Could not load resource [package://openarm_description/meshes/arm/v10/visual/link0.dae]: Not enough data for accessor
[rviz2-4] [ERROR] [1773902733.421180511] [rviz2]: Could not load resource [package://openarm_description/meshes/arm/v10/visual/link0.dae]: Not enough data for accessor
[rviz2-4] [ERROR] [1773902733.421500319] [rviz2]: The link openarm_left_right_finger has unrealistic inertia, so the equivalent inertia box will not be shown.
[rviz2-4] 
[rviz2-4] [ERROR] [1773902733.421628713] [rviz2]: The link openarm_right_left_finger has unrealistic inertia, so the equivalent inertia box will not be shown.
[rviz2-4] 
[rviz2-4] [ERROR] [1773902733.424188145] [rviz2]: Could not load resource [package://openarm_description/meshes/arm/v10/visual/link0.dae]: Not enough data for accessor
[rviz2-4] [ERROR] [1773902733.427043452] [rviz2]: Could not load resource [package://openarm_description/meshes/arm/v10/visual/link0.dae]: Not enough data for accessor
[rviz2-4] [ERROR] [1773902733.427507810] [rviz2]: The link openarm_right_right_finger has unrealistic inertia, so the equivalent inertia box will not be shown.
[rviz2-4] 
[rviz2-4] [INFO] [1773902733.439298355] [rviz2.moveit.ros.motion_planning_frame]: group both_arms
[rviz2-4] [INFO] [1773902733.439319372] [rviz2.moveit.ros.motion_planning_frame]: Constructing new MoveGroup connection for group 'both_arms' in namespace ''
[rviz2-4] [INFO] [1773902733.443103584] [rviz2.moveit.ros.move_group_interface]: Ready to take commands for planning group both_arms.
[rviz2-4] [INFO] [1773902733.533547702] [interactive_marker_display_97042156339360]: Sending request for interactive markers
[rviz2-4] [INFO] [1773902733.656839943] [interactive_marker_display_97042156339360]: Service response received for initialization
[rviz2-4] [INFO] [1773902781.112763122] [rviz2.moveit.ros.move_group_interface]: MoveGroup action client/server ready
[move_group-3] [INFO] [1773902781.113566804] [move_group.moveit.moveit.ros.move_group.move_action]: MoveGroupMoveAction: Received request
[move_group-3] [INFO] [1773902781.113833746] [move_group.moveit.moveit.ros.move_group.move_action]: executing..
[rviz2-4] [INFO] [1773902781.113861748] [rviz2.moveit.ros.move_group_interface]: Planning request accepted
[move_group-3] [INFO] [1773902781.119671840] [move_group.moveit.moveit.ros.move_group.move_action]: Planning request received for MoveGroup action. Forwarding to planning pipeline.
[move_group-3] [INFO] [1773902781.119690239] [move_group.moveit.moveit.ros.move_group.capability]: Using planning pipeline 'ompl'
[move_group-3] [INFO] [1773902781.119906273] [move_group]: Calling PlanningRequestAdapter 'ResolveConstraintFrames'
[move_group-3] [INFO] [1773902781.119935059] [move_group]: Calling PlanningRequestAdapter 'ValidateWorkspaceBounds'
[move_group-3] [INFO] [1773902781.119942618] [move_group]: Calling PlanningRequestAdapter 'CheckStartStateBounds'
[move_group-3] [INFO] [1773902781.119978246] [move_group]: Calling PlanningRequestAdapter 'CheckStartStateCollision'
[move_group-3] [INFO] [1773902781.120771582] [move_group.moveit.moveit.planners.ompl.model_based_planning_context]: Planner configuration 'both_arms' will use planner 'geometric::RRTConnect'. Additional configuration parameters will be set when the planner is constructed.
[move_group-3] [INFO] [1773902781.120888652] [move_group]: Calling Planner 'OMPL'
[move_group-3] [INFO] [1773902781.127955270] [move_group]: Calling PlanningResponseAdapter 'AddTimeOptimalParameterization'
[move_group-3] [INFO] [1773902781.130282392] [move_group]: Calling PlanningResponseAdapter 'ValidateSolution'
[move_group-3] [INFO] [1773902781.130841759] [move_group]: Calling PlanningResponseAdapter 'DisplayMotionPath'
[move_group-3] [WARN] [1773902781.130917995] [move_group.moveit.moveit.ros.planning_pipeline]: The planner plugin did not fill out the 'planner_id' field of the MotionPlanResponse. Setting it to the planner ID name of the MotionPlanRequest assuming that the planner plugin does warn you if it does not use the requested planner.
[move_group-3] [INFO] [1773902781.130964768] [move_group.moveit.moveit.ros.move_group.move_action]: Motion plan was computed successfully.
[rviz2-4] [INFO] [1773902781.131155808] [rviz2.moveit.ros.move_group_interface]: Planning request complete!
[rviz2-4] [INFO] [1773902781.131860113] [rviz2.moveit.ros.move_group_interface]: time taken to generate plan: 0.00683234 seconds
[move_group-3] [INFO] [1773902800.391537337] [move_group.moveit.moveit.ros.move_group.clear_octomap_service]: Execution request received
[move_group-3] [INFO] [1773902800.391600992] [move_group.moveit.moveit.plugins.simple_controller_manager]: Returned 4 controllers in list
[move_group-3] [INFO] [1773902800.391622965] [move_group.moveit.moveit.plugins.simple_controller_manager]: Returned 4 controllers in list
[move_group-3] [INFO] [1773902800.391730229] [move_group.moveit.moveit.ros.trajectory_execution_manager]: Validating trajectory with allowed_start_tolerance 0.01
[rviz2-4] [INFO] [1773902800.391747367] [rviz2.moveit.ros.move_group_interface]: Execute request accepted
[move_group-3] [INFO] [1773902800.399934697] [move_group.moveit.moveit.ros.trajectory_execution_manager]: Starting trajectory execution ...
[move_group-3] [INFO] [1773902800.400000621] [move_group.moveit.moveit.plugins.simple_controller_manager]: Returned 4 controllers in list
[move_group-3] [INFO] [1773902800.400020635] [move_group.moveit.moveit.plugins.simple_controller_manager]: Returned 4 controllers in list
[move_group-3] [INFO] [1773902800.400211381] [moveit.simple_controller_manager.follow_joint_trajectory_controller_handle]: sending trajectory to left_joint_trajectory_controller
[ros2_control_node-2] [INFO] [1773902800.400739811] [left_joint_trajectory_controller]: Received new action goal
[ros2_control_node-2] [INFO] [1773902800.400776507] [left_joint_trajectory_controller]: Accepted new action goal
[move_group-3] [INFO] [1773902800.400885316] [moveit.simple_controller_manager.follow_joint_trajectory_controller_handle]: left_joint_trajectory_controller started execution
[move_group-3] [INFO] [1773902800.400897738] [moveit.simple_controller_manager.follow_joint_trajectory_controller_handle]: Goal request accepted!
[move_group-3] [INFO] [1773902800.400973505] [moveit.simple_controller_manager.follow_joint_trajectory_controller_handle]: sending trajectory to right_joint_trajectory_controller
[ros2_control_node-2] [INFO] [1773902800.401070951] [right_joint_trajectory_controller]: Received new action goal
[ros2_control_node-2] [INFO] [1773902800.401087812] [right_joint_trajectory_controller]: Accepted new action goal
[move_group-3] [INFO] [1773902800.401141704] [moveit.simple_controller_manager.follow_joint_trajectory_controller_handle]: right_joint_trajectory_controller started execution
[move_group-3] [INFO] [1773902800.401143525] [moveit.simple_controller_manager.follow_joint_trajectory_controller_handle]: Goal request accepted!
[ros2_control_node-2] [INFO] [1773902803.759263305] [right_joint_trajectory_controller]: Goal reached, success!
[ros2_control_node-2] [INFO] [1773902803.759320552] [left_joint_trajectory_controller]: Goal reached, success!
[move_group-3] [INFO] [1773902803.761303849] [moveit.simple_controller_manager.follow_joint_trajectory_controller_handle]: Controller 'left_joint_trajectory_controller' successfully finished
[move_group-3] [INFO] [1773902803.761685808] [moveit.simple_controller_manager.follow_joint_trajectory_controller_handle]: Controller 'right_joint_trajectory_controller' successfully finished
[move_group-3] [INFO] [1773902803.789810675] [move_group.moveit.moveit.ros.trajectory_execution_manager]: Completed trajectory execution with status SUCCEEDED ...
[move_group-3] [INFO] [1773902803.790054465] [move_group.moveit.moveit.ros.move_group.clear_octomap_service]: Execution completed: SUCCEEDED
[rviz2-4] [INFO] [1773902803.790378019] [rviz2.moveit.ros.move_group_interface]: Execute request success!
[rviz2-4] [INFO] [1773902833.571031198] [rviz2.moveit.ros.move_group_interface]: MoveGroup action client/server ready
[move_group-3] [INFO] [1773902833.571552271] [move_group.moveit.moveit.ros.move_group.move_action]: MoveGroupMoveAction: Received request
[move_group-3] [INFO] [1773902833.571694521] [move_group.moveit.moveit.ros.move_group.move_action]: executing..
[rviz2-4] [INFO] [1773902833.571900731] [rviz2.moveit.ros.move_group_interface]: Planning request accepted
[move_group-3] [INFO] [1773902833.579741122] [move_group.moveit.moveit.ros.move_group.move_action]: Planning request received for MoveGroup action. Forwarding to planning pipeline.
[move_group-3] [INFO] [1773902833.579766852] [move_group.moveit.moveit.ros.move_group.capability]: Using planning pipeline 'ompl'
[move_group-3] [INFO] [1773902833.579901235] [move_group]: Calling PlanningRequestAdapter 'ResolveConstraintFrames'
[move_group-3] [INFO] [1773902833.579927008] [move_group]: Calling PlanningRequestAdapter 'ValidateWorkspaceBounds'
[move_group-3] [INFO] [1773902833.579934263] [move_group]: Calling PlanningRequestAdapter 'CheckStartStateBounds'
[move_group-3] [INFO] [1773902833.579969104] [move_group]: Calling PlanningRequestAdapter 'CheckStartStateCollision'
[move_group-3] [INFO] [1773902833.580358170] [move_group.moveit.moveit.planners.ompl.model_based_planning_context]: Planner configuration 'both_arms' will use planner 'geometric::RRTConnect'. Additional configuration parameters will be set when the planner is constructed.
[move_group-3] [INFO] [1773902833.580404649] [move_group]: Calling Planner 'OMPL'
[move_group-3] [INFO] [1773902833.587187071] [move_group]: Calling PlanningResponseAdapter 'AddTimeOptimalParameterization'
[move_group-3] [INFO] [1773902833.587935211] [move_group]: Calling PlanningResponseAdapter 'ValidateSolution'
[move_group-3] [INFO] [1773902833.588168199] [move_group]: Calling PlanningResponseAdapter 'DisplayMotionPath'
[move_group-3] [WARN] [1773902833.588233758] [move_group.moveit.moveit.ros.planning_pipeline]: The planner plugin did not fill out the 'planner_id' field of the MotionPlanResponse. Setting it to the planner ID name of the MotionPlanRequest assuming that the planner plugin does warn you if it does not use the requested planner.
[move_group-3] [INFO] [1773902833.588256683] [move_group.moveit.moveit.ros.move_group.move_action]: Motion plan was computed successfully.
[rviz2-4] [INFO] [1773902833.588558267] [rviz2.moveit.ros.move_group_interface]: Planning request complete!
[rviz2-4] [INFO] [1773902833.588828634] [rviz2.moveit.ros.move_group_interface]: time taken to generate plan: 0.00646732 seconds
[move_group-3] [INFO] [1773902844.331999504] [move_group.moveit.moveit.ros.move_group.clear_octomap_service]: Execution request received
[move_group-3] [INFO] [1773902844.332048609] [move_group.moveit.moveit.plugins.simple_controller_manager]: Returned 4 controllers in list
[move_group-3] [INFO] [1773902844.332062137] [move_group.moveit.moveit.plugins.simple_controller_manager]: Returned 4 controllers in list
[move_group-3] [INFO] [1773902844.332103691] [move_group.moveit.moveit.ros.trajectory_execution_manager]: Validating trajectory with allowed_start_tolerance 0.01
[rviz2-4] [INFO] [1773902844.332159256] [rviz2.moveit.ros.move_group_interface]: Execute request accepted
[move_group-3] [INFO] [1773902844.340165975] [move_group.moveit.moveit.ros.trajectory_execution_manager]: Starting trajectory execution ...
[move_group-3] [INFO] [1773902844.340223345] [move_group.moveit.moveit.plugins.simple_controller_manager]: Returned 4 controllers in list
[move_group-3] [INFO] [1773902844.340242418] [move_group.moveit.moveit.plugins.simple_controller_manager]: Returned 4 controllers in list
[move_group-3] [INFO] [1773902844.340380141] [moveit.simple_controller_manager.follow_joint_trajectory_controller_handle]: sending trajectory to left_joint_trajectory_controller
[ros2_control_node-2] [INFO] [1773902844.340752758] [left_joint_trajectory_controller]: Received new action goal
[ros2_control_node-2] [INFO] [1773902844.340778616] [left_joint_trajectory_controller]: Accepted new action goal
[move_group-3] [INFO] [1773902844.341165101] [moveit.simple_controller_manager.follow_joint_trajectory_controller_handle]: left_joint_trajectory_controller started execution
[move_group-3] [INFO] [1773902844.341174584] [moveit.simple_controller_manager.follow_joint_trajectory_controller_handle]: Goal request accepted!
[move_group-3] [INFO] [1773902844.341241218] [moveit.simple_controller_manager.follow_joint_trajectory_controller_handle]: sending trajectory to right_joint_trajectory_controller
[ros2_control_node-2] [INFO] [1773902844.341309993] [right_joint_trajectory_controller]: Received new action goal
[ros2_control_node-2] [INFO] [1773902844.341326765] [right_joint_trajectory_controller]: Accepted new action goal
[move_group-3] [INFO] [1773902844.341592514] [moveit.simple_controller_manager.follow_joint_trajectory_controller_handle]: right_joint_trajectory_controller started execution
[move_group-3] [INFO] [1773902844.341598372] [moveit.simple_controller_manager.follow_joint_trajectory_controller_handle]: Goal request accepted!
[ros2_control_node-2] [INFO] [1773902846.029215715] [right_joint_trajectory_controller]: Goal reached, success!
[ros2_control_node-2] [INFO] [1773902846.029258989] [left_joint_trajectory_controller]: Goal reached, success!
[move_group-3] [INFO] [1773902846.041172940] [moveit.simple_controller_manager.follow_joint_trajectory_controller_handle]: Controller 'left_joint_trajectory_controller' successfully finished
[move_group-3] [INFO] [1773902846.041502154] [moveit.simple_controller_manager.follow_joint_trajectory_controller_handle]: Controller 'right_joint_trajectory_controller' successfully finished
[move_group-3] [INFO] [1773902846.069512395] [move_group.moveit.moveit.ros.trajectory_execution_manager]: Completed trajectory execution with status SUCCEEDED ...
[move_group-3] [INFO] [1773902846.069771241] [move_group.moveit.moveit.ros.move_group.clear_octomap_service]: Execution completed: SUCCEEDED
[rviz2-4] [INFO] [1773902846.070141470] [rviz2.moveit.ros.move_group_interface]: Execute request success!
